<?xml version="1.0" encoding="utf-8"?><testsuites name="pytest tests"><testsuite name="pytest" errors="0" failures="1" skipped="0" tests="22" time="0.231" timestamp="2026-07-09T19:23:57.301748+02:00" hostname="gregmrc_lptp"><testcase classname="tests.unit.iot.test_mission_executor_node" name="test_yaw_to_quaternion_returns_expected_values" time="0.001" /><testcase classname="tests.unit.iot.test_mission_executor_node" name="test_as_bool_handles_common_values[True-True]" time="0.001" /><testcase classname="tests.unit.iot.test_mission_executor_node" name="test_as_bool_handles_common_values[False-False]" time="0.001" /><testcase classname="tests.unit.iot.test_mission_executor_node" name="test_as_bool_handles_common_values[1-True]" time="0.001" /><testcase classname="tests.unit.iot.test_mission_executor_node" name="test_as_bool_handles_common_values[0-False]" time="0.001" /><testcase classname="tests.unit.iot.test_mission_executor_node" name="test_as_bool_handles_common_values[yes-True]" time="0.001" /><testcase classname="tests.unit.iot.test_mission_executor_node" name="test_as_bool_handles_common_values[off-False]" time="0.002" /><testcase classname="tests.unit.iot.test_mission_executor_node" name="test_as_bool_handles_common_values[  On  -True]" time="0.001" /><testcase classname="tests.unit.iot.test_mission_executor_node" name="test_as_bool_handles_common_values[no-False]" time="0.001" /><testcase classname="tests.unit.iot.test_mission_executor_node" name="test_point_from_mission_uses_defaults_when_values_are_missing" time="0.001" /><testcase classname="tests.unit.iot.test_mission_executor_node" name="test_read_qr_dry_run_returns_simulated_qr" time="0.001" /><testcase classname="tests.unit.iot.test_mission_executor_node" name="test_realtime_bridge_publishes_status_and_position_payloads" time="0.001" /><testcase classname="tests.unit.iot.test_mission_executor_node" name="test_execute_mission_success_flow_updates_each_step" time="0.001" /><testcase classname="tests.unit.iot.test_mission_executor_node" name="test_execute_mission_stops_on_qr_mismatch" time="0.001" /><testcase classname="tests.unit.iot.test_pick_and_place_node" name="test_clamp_limits_values" time="0.001" /><testcase classname="tests.unit.iot.test_pick_and_place_node" name="test_rad_to_servo_centers_at_90_degrees" time="0.001" /><testcase classname="tests.unit.iot.test_pick_and_place_node" name="test_compute_ik_returns_angles_for_reachable_target" time="0.004"><failure message="assert None is not None">def test_compute_ik_returns_angles_for_reachable_target():
        node = PickAndPlaceNode.__new__(PickAndPlaceNode)
        node.arm_base_x = 0.02
        node.arm_base_z = 0.24
        node.L1 = 0.11
        node.L2 = 0.11
        node.L3 = 0.12
    
        joints = node.compute_ik(0.15, 0.0, 0.20)
    
&gt;       assert joints is not None
E       assert None is not None

tests\unit\iot\test_pick_and_place_node.py:26: AssertionError</failure></testcase><testcase classname="tests.unit.iot.test_pick_and_place_node" name="test_compute_ik_returns_none_for_unreachable_target" time="0.000" /><testcase classname="tests.unit.iot.test_qr_code_reader_node" name="test_image_cb_publishes_detected_qr" time="0.001" /><testcase classname="tests.unit.iot.test_qr_code_reader_node" name="test_image_cb_respects_publish_interval" time="0.001" /><testcase classname="tests.unit.iot.test_qr_code_reader_node" name="test_read_qr_cb_returns_last_qr_when_available" time="0.001" /><testcase classname="tests.unit.iot.test_qr_code_reader_node" name="test_read_qr_cb_returns_failure_when_no_qr_seen" time="0.000" /></testsuite></testsuites>